[    0.000000] Initializing cgroup subsys cpuset
[    0.000000] Initializing cgroup subsys cpu
[    0.000000] Initializing cgroup subsys cpuacct
[    0.000000] Linux version 4.4.0-75-generic (buildd@lcy01-04) (gcc version 5.4.0 20160609 (Ubuntu 5.4.0-6ubuntu1~16.04.4) ) #96-Ubuntu SMP Thu Apr 20 09:55:15 UTC 2017 (Ubuntu 4.4.0-75.96-generic 4.4.59)
[    0.000000] KERNEL supported cpus:
[    0.000000]   Intel GenuineIntel
[    0.000000]   AMD AuthenticAMD
[    0.000000]   NSC Geode by NSC
[    0.000000]   Cyrix CyrixInstead
[    0.000000]   Centaur CentaurHauls
[    0.000000]   Transmeta GenuineTMx86
[    0.000000]   Transmeta TransmetaCPU
[    0.000000]   UMC UMC UMC UMC
[    0.000000] x86/fpu: Legacy x87 FPU detected.
[    0.000000] x86/fpu: Using 'lazy' FPU context switches.
[    0.000000] e820: BIOS-provided physical RAM map:
[    0.000000] BIOS-e820: [mem 0x0000000000000000-0x000000000009fbff] usable
[    0.000000] BIOS-e820: [mem 0x000000000009fc00-0x000000000009ffff] reserved
[    0.000000] BIOS-e820: [mem 0x00000000000f0000-0x00000000000fffff] reserved
[    0.000000] BIOS-e820: [mem 0x0000000000100000-0x000000003ffeffff] usable
[    0.000000] BIOS-e820: [mem 0x000000003fff0000-0x000000003fffffff] ACPI data
[    0.000000] BIOS-e820: [mem 0x00000000fec00000-0x00000000fec00fff] reserved
[    0.000000] BIOS-e820: [mem 0x00000000fee00000-0x00000000fee00fff] reserved
[    0.000000] BIOS-e820: [mem 0x00000000fffc0000-0x00000000ffffffff] reserved
[    0.000000] NX (Execute Disable) protection: active
[    0.000000] SMBIOS 2.5 present.
[    0.000000] Hypervisor detected: KVM
[    0.000000] e820: last_pfn = 0x3fff0 max_arch_pfn = 0x1000000
[    0.000000] MTRR: Disabled
[    0.000000] x86/PAT: MTRRs disabled, skipping PAT initialization too.
[    0.000000] x86/PAT: Configuration [0-7]: WB  WT  UC- UC  WB  WT  UC- UC  
[    0.000000] CPU MTRRs all blank - virtualized system.
[    0.000000] found SMP MP-table at [mem 0x0009fff0-0x0009ffff] mapped at [c009fff0]
[    0.000000] Scanning 1 areas for low memory corruption
[    0.000000] RAMDISK: [mem 0x36ac0000-0x37557fff]
[    0.000000] ACPI: Early table checksum verification disabled
[    0.000000] ACPI: RSDP 0x00000000000E0000 000024 (v02 VBOX  )
[    0.000000] ACPI: XSDT 0x000000003FFF0030 00003C (v01 VBOX   VBOXXSDT 00000001 ASL  00000061)
[    0.000000] ACPI: FACP 0x000000003FFF00F0 0000F4 (v04 VBOX   VBOXFACP 00000001 ASL  00000061)
[    0.000000] ACPI: DSDT 0x000000003FFF0470 0021C8 (v02 VBOX   VBOXBIOS 00000002 INTL 20100528)
[    0.000000] ACPI: FACS 0x000000003FFF0200 000040
[    0.000000] ACPI: FACS 0x000000003FFF0200 000040
[    0.000000] ACPI: APIC 0x000000003FFF0240 00005C (v02 VBOX   VBOXAPIC 00000001 ASL  00000061)
[    0.000000] ACPI: SSDT 0x000000003FFF02A0 0001CC (v01 VBOX   VBOXCPUT 00000002 INTL 20100528)
[    0.000000] 131MB HIGHMEM available.
[    0.000000] 891MB LOWMEM available.
[    0.000000]   mapped low ram: 0 - 37bfe000
[    0.000000]   low ram: 0 - 37bfe000
[    0.000000] kvm-clock: Using msrs 4b564d01 and 4b564d00
[    0.000000] kvm-clock: cpu 0, msr 0:37bfd001, primary cpu clock
[    0.000000] kvm-clock: using sched offset of 4335687814 cycles
[    0.000000] clocksource: kvm-clock: mask: 0xffffffffffffffff max_cycles: 0x1cd42e4dffb, max_idle_ns: 881590591483 ns
[    0.000000] Zone ranges:
[    0.000000]   DMA      [mem 0x0000000000001000-0x0000000000ffffff]
[    0.000000]   Normal   [mem 0x0000000001000000-0x0000000037bfdfff]
[    0.000000]   HighMem  [mem 0x0000000037bfe000-0x000000003ffeffff]
[    0.000000] Movable zone start for each node
[    0.000000] Early memory node ranges
[    0.000000]   node   0: [mem 0x0000000000001000-0x000000000009efff]
[    0.000000]   node   0: [mem 0x0000000000100000-0x000000003ffeffff]
[    0.000000] Initmem setup node 0 [mem 0x0000000000001000-0x000000003ffeffff]
[    0.000000] Using APIC driver default
[    0.000000] ACPI: PM-Timer IO Port: 0x4008
[    0.000000] IOAPIC[0]: apic_id 2, version 32, address 0xfec00000, GSI 0-23
[    0.000000] ACPI: INT_SRC_OVR (bus 0 bus_irq 0 global_irq 2 dfl dfl)
[    0.000000] ACPI: INT_SRC_OVR (bus 0 bus_irq 9 global_irq 9 high level)
[    0.000000] Using ACPI (MADT) for SMP configuration information
[    0.000000] smpboot: Allowing 2 CPUs, 0 hotplug CPUs
[    0.000000] PM: Registered nosave memory: [mem 0x00000000-0x00000fff]
[    0.000000] PM: Registered nosave memory: [mem 0x0009f000-0x0009ffff]
[    0.000000] PM: Registered nosave memory: [mem 0x000a0000-0x000effff]
[    0.000000] PM: Registered nosave memory: [mem 0x000f0000-0x000fffff]
[    0.000000] e820: [mem 0x40000000-0xfebfffff] available for PCI devices
[    0.000000] Booting paravirtualized kernel on KVM
[    0.000000] clocksource: refined-jiffies: mask: 0xffffffff max_cycles: 0xffffffff, max_idle_ns: 7645519600211568 ns
[    0.000000] setup_percpu: NR_CPUS:8 nr_cpumask_bits:8 nr_cpu_ids:2 nr_node_ids:1
[    0.000000] PERCPU: Embedded 19 pages/cpu @f76b0000 s47436 r0 d30388 u77824
[    0.000000] PV qspinlock hash table entries: 512 (order: 0, 4096 bytes)
[    0.000000] Built 1 zonelists in Zone order, mobility grouping on.  Total pages: 259800
[    0.000000] Kernel command line: BOOT_IMAGE=/boot/vmlinuz-4.4.0-75-generic root=LABEL=cloudimg-rootfs ro console=tty1 console=ttyS0
[    0.000000] PID hash table entries: 4096 (order: 2, 16384 bytes)
[    0.000000] Dentry cache hash table entries: 131072 (order: 7, 524288 bytes)
[    0.000000] Inode-cache hash table entries: 65536 (order: 6, 262144 bytes)
[    0.000000] Initializing CPU#0
[    0.000000] Initializing HighMem for node 0 (00037bfe:0003fff0)
[    0.000000] Initializing Movable for node 0 (00000000:00000000)
[    0.000000] Memory: 1012120K/1048120K available (7928K kernel code, 770K rwdata, 3164K rodata, 940K init, 800K bss, 36000K reserved, 0K cma-reserved, 135112K highmem)
[    0.000000] virtual kernel memory layout:
[    0.000000]     fixmap  : 0xfff15000 - 0xfffff000   ( 936 kB)
[    0.000000]     pkmap   : 0xffc00000 - 0xffe00000   (2048 kB)
[    0.000000]     vmalloc : 0xf83fe000 - 0xffbfe000   ( 120 MB)
[    0.000000]     lowmem  : 0xc0000000 - 0xf7bfe000   ( 891 MB)
[    0.000000]       .init : 0xc1b99000 - 0xc1c84000   ( 940 kB)
[    0.000000]       .data : 0xc17be50b - 0xc1b97b40   (3941 kB)
[    0.000000]       .text : 0xc1000000 - 0xc17be50b   (7929 kB)
[    0.000000] Checking if this processor honours the WP bit even in supervisor mode...Ok.
[    0.000000] SLUB: HWalign=64, Order=0-3, MinObjects=0, CPUs=2, Nodes=1
[    0.000000] Hierarchical RCU implementation.
[    0.000000] 	Build-time adjustment of leaf fanout to 32.
[    0.000000] 	RCU restricting CPUs from NR_CPUS=8 to nr_cpu_ids=2.
[    0.000000] RCU: Adjusting geometry for rcu_fanout_leaf=32, nr_cpu_ids=2
[    0.000000] NR_IRQS:2304 nr_irqs:440 16
[    0.000000] Console: colour VGA+ 80x25
[    0.000000] console [tty1] enabled
[    0.000000] console [ttyS0] enabled
[    0.000000] allocated 1048576 bytes of page_ext
[    0.000000] tsc: Detected 2826.226 MHz processor
[    6.157475] Calibrating delay loop (skipped) preset value.. 5652.45 BogoMIPS (lpj=11304904)
[    6.260240] pid_max: default: 32768 minimum: 301
[    6.323962] ACPI: Core revision 20150930
[    6.362925] ACPI: 2 ACPI AML tables successfully acquired and loaded
[    6.380546] Security Framework initialized
[    6.424735] Yama: becoming mindful.
[    6.437599] AppArmor: AppArmor initialized
[    6.439130] Mount-cache hash table entries: 2048 (order: 1, 8192 bytes)
[    6.456989] Mountpoint-cache hash table entries: 2048 (order: 1, 8192 bytes)
[    6.481898] Initializing cgroup subsys io
[    6.493379] Initializing cgroup subsys memory
[    6.526589] Initializing cgroup subsys devices
[    6.528333] Initializing cgroup subsys freezer
[    6.529919] Initializing cgroup subsys net_cls
[    6.542398] Initializing cgroup subsys perf_event
[    6.589428] Initializing cgroup subsys net_prio
[    6.617368] Initializing cgroup subsys hugetlb
[    6.651293] Initializing cgroup subsys pids
[    6.677585] CPU: Physical Processor ID: 0
[    6.741268] CPU: Processor Core ID: 0
[    6.786449] mce: CPU supports 0 MCE banks
[    6.812013] Last level iTLB entries: 4KB 128, 2MB 4, 4MB 4
[    6.817319] Last level dTLB entries: 4KB 256, 2MB 0, 4MB 32, 1GB 0
[    6.894614] Freeing SMP alternatives memory: 28K (c1c84000 - c1c8b000)
[    6.921383] ftrace: allocating 31398 entries in 62 pages
[    7.058206] smpboot: APIC(0) Converting physical 0 to logical package 0
[    7.066873] smpboot: Max logical packages: 1
[    7.071403] Enabling APIC mode:  Flat.  Using 1 I/O APICs
[    7.085823] ..TIMER: vector=0x30 apic1=0 pin1=2 apic2=-1 pin2=-1
[    7.211173] APIC calibration not consistent with PM-Timer: 103ms instead of 100ms
[    7.223032] APIC delta adjusted to PM-Timer: 6257125 (6500416)
[    7.263030] smpboot: CPU0: Intel(R) Core(TM)2 Quad CPU    Q9550  @ 2.83GHz (family: 0x6, model: 0x17, stepping: 0xa)
[    7.298840] Performance Events: unsupported p6 CPU model 23 no PMU driver, software events only.
[    7.313720] KVM setup paravirtual spinlock
[    7.333007] x86: Booting SMP configuration:
[    7.358452] .... node  #0, CPUs:      #1
[1266874885.373863] Initializing CPU#1
[    7.421203] kvm-clock: cpu 1, msr 0:37bfd041, secondary cpu clock
[    7.425523] mce: CPU supports 0 MCE banks
[    7.428291] x86: Booted up 1 node, 2 CPUs
[    7.449870] smpboot: Total of 2 processors activated (11304.90 BogoMIPS)
[    7.558726] devtmpfs: initialized
[    7.575268] evm: security.selinux
[    7.587867] evm: security.SMACK64
[    7.597043] evm: security.SMACK64EXEC
[    7.601063] evm: security.SMACK64TRANSMUTE
[    7.623277] evm: security.SMACK64MMAP
[    7.631715] evm: security.ima
[    7.646267] evm: security.capability
[    7.658908] clocksource: jiffies: mask: 0xffffffff max_cycles: 0xffffffff, max_idle_ns: 7645041785100000 ns
[    7.680766] futex hash table entries: 512 (order: 3, 32768 bytes)
[    7.698207] pinctrl core: initialized pinctrl subsystem
[    7.710589] RTC time: 18:40:35, date: 04/27/17
[    7.728886] NET: Registered protocol family 16
[    7.745052] EISA bus registered
[    7.752224] cpuidle: using governor ladder
[    7.764717] cpuidle: using governor menu
[    7.773223] PCCT header not found.
[    7.794354] ACPI: bus type PCI registered
[    7.801758] acpiphp: ACPI Hot Plug PCI Controller Driver version: 0.5
[    7.812799] PCI : PCI BIOS area is rw and x. Use pci=nobios if you want it NX.
[    7.832892] PCI: PCI BIOS revision 2.10 entry at 0xfda26, last bus=0
[    7.834863] PCI: Using configuration type 1 for base access
[    7.862989] ACPI: Added _OSI(Module Device)
[    7.877553] ACPI: Added _OSI(Processor Device)
[    7.887051] ACPI: Added _OSI(3.0 _SCP Extensions)
[    7.898623] ACPI: Added _OSI(Processor Aggregator Device)
[    7.931269] ACPI: Executed 1 blocks of module-level executable AML code
[    7.945953] ACPI: Interpreter enabled
[    7.961296] ACPI: (supports S0 S5)
[    7.977270] ACPI: Using IOAPIC for interrupt routing
[    7.997341] PCI: Using host bridge windows from ACPI; if necessary, use "pci=nocrs" and report a bug
[    8.026611] ACPI: PCI Root Bridge [PCI0] (domain 0000 [bus 00-ff])
[    8.053569] acpi PNP0A03:00: _OSC: OS supports [ASPM ClockPM Segments MSI]
[    8.058957] acpi PNP0A03:00: _OSC failed (AE_NOT_FOUND); disabling ASPM
[    8.094349] acpi PNP0A03:00: fail to add MMCONFIG information, can't access extended PCI configuration space under this bridge.
[    8.162577] PCI host bridge to bus 0000:00
[    8.170628] pci_bus 0000:00: root bus resource [io  0x0000-0x0cf7 window]
[    8.209943] pci_bus 0000:00: root bus resource [io  0x0d00-0xffff window]
[    8.245524] pci_bus 0000:00: root bus resource [mem 0x000a0000-0x000bffff window]
[    8.259427] pci_bus 0000:00: root bus resource [mem 0x40000000-0xffdfffff window]
[    8.313428] pci_bus 0000:00: root bus resource [bus 00-ff]
[    8.334557] pci 0000:00:01.1: legacy IDE quirk: reg 0x10: [io  0x01f0-0x01f7]
[    8.352514] pci 0000:00:01.1: legacy IDE quirk: reg 0x14: [io  0x03f6]
[    8.409104] pci 0000:00:01.1: legacy IDE quirk: reg 0x18: [io  0x0170-0x0177]
[    8.430182] pci 0000:00:01.1: legacy IDE quirk: reg 0x1c: [io  0x0376]
[    8.533598] pci 0000:00:07.0: quirk: [io  0x4000-0x403f] claimed by PIIX4 ACPI
[    8.554897] pci 0000:00:07.0: quirk: [io  0x4100-0x410f] claimed by PIIX4 SMB
[    8.638533] ACPI: PCI Interrupt Link [LNKA] (IRQs 5 9 10 *11)
[    8.655152] ACPI: PCI Interrupt Link [LNKB] (IRQs 5 9 10 *11)
[    8.677165] ACPI: PCI Interrupt Link [LNKC] (IRQs 5 9 *10 11)
[    8.693073] ACPI: PCI Interrupt Link [LNKD] (IRQs 5 *9 10 11)
[    8.712969] ACPI: Enabled 2 GPEs in block 00 to 07
[    8.740857] vgaarb: setting as boot device: PCI:0000:00:02.0
[    8.772856] vgaarb: device added: PCI:0000:00:02.0,decodes=io+mem,owns=io+mem,locks=none
[    8.797198] vgaarb: loaded
[    8.804497] vgaarb: bridge control possible 0000:00:02.0
[    8.828937] SCSI subsystem initialized
[    8.831031] ACPI: bus type USB registered
[    8.857845] usbcore: registered new interface driver usbfs
[    8.890238] usbcore: registered new interface driver hub
[    8.943080] usbcore: registered new device driver usb
[    8.965947] PCI: Using ACPI for IRQ routing
[    8.976544] NetLabel: Initializing
[    8.977955] NetLabel:  domain hash size = 128
[    8.992808] NetLabel:  protocols = UNLABELED CIPSOv4
[    8.997300] NetLabel:  unlabeled traffic allowed by default
[    9.027104] amd_nb: Cannot enumerate AMD northbridges
[    9.029401] clocksource: Switched to clocksource kvm-clock
[    9.113068] AppArmor: AppArmor Filesystem Enabled
[    9.155031] pnp: PnP ACPI init
[    9.164355] pnp: PnP ACPI: found 3 devices
[    9.192828] PnPBIOS: Disabled by ACPI PNP
[    9.254653] clocksource: acpi_pm: mask: 0xffffff max_cycles: 0xffffff, max_idle_ns: 2085701024 ns
[    9.294586] NET: Registered protocol family 2
[    9.313798] TCP established hash table entries: 8192 (order: 3, 32768 bytes)
[    9.344422] TCP bind hash table entries: 8192 (order: 4, 65536 bytes)
[    9.347747] TCP: Hash tables configured (established 8192 bind 8192)
[    9.349748] UDP hash table entries: 512 (order: 2, 16384 bytes)
[    9.368680] UDP-Lite hash table entries: 512 (order: 2, 16384 bytes)
[    9.391308] NET: Registered protocol family 1
[    9.400327] pci 0000:00:00.0: Limiting direct PCI/PCI transfers
[    9.416554] pci 0000:00:01.0: Activating ISA DMA hang workarounds
[    9.427396] Unpacking initramfs...
[   11.746255] Freeing initrd memory: 10848K (f6ac0000 - f7558000)
[   11.763492] platform rtc_cmos: registered platform RTC device (no PNP device found)
[   11.774710] Scanning for low memory corruption every 60 seconds
[   11.784474] audit: initializing netlink subsys (disabled)
[   11.807039] audit: type=2000 audit(1493318437.103:1): initialized
[   11.817292] Initialise system trusted keyring
[   11.832408] HugeTLB registered 2 MB page size, pre-allocated 0 pages
[   11.876849] zbud: loaded
[   11.925012] VFS: Disk quotas dquot_6.6.0
[   11.958268] VFS: Dquot-cache hash table entries: 1024 (order 0, 4096 bytes)
[   11.978990] squashfs: version 4.0 (2009/01/31) Phillip Lougher
[   12.098221] fuse init (API version 7.23)
[   12.172196] Key type big_key registered
[   12.219612] Allocating IMA MOK and blacklist keyrings.
[   12.301951] Key type asymmetric registered
[   12.349283] Asymmetric key parser 'x509' registered
[   12.398970] bounce: pool size: 64 pages
[   12.437872] Block layer SCSI generic (bsg) driver version 0.4 loaded (major 249)
[   12.520773] io scheduler noop registered
[   12.558492] io scheduler deadline registered (default)
[   12.604480] io scheduler cfq registered
[   12.644752] pci_hotplug: PCI Hot Plug PCI Core version: 0.5
[   12.694571] pciehp: PCI Express Hot Plug Controller Driver version: 0.4
[   12.754326] ACPI: AC Adapter [AC] (on-line)
[   12.793906] tsc: Refined TSC clocksource calibration: 2827.304 MHz
[   12.820119] clocksource: tsc: mask: 0xffffffffffffffff max_cycles: 0x28c101eda76, max_idle_ns: 440795319427 ns
[   12.820428] input: Power Button as /devices/LNXSYSTM:00/LNXPWRBN:00/input/input0
ÿ[   12.820432] ACPI: Power Button [PWRF]
[   12.820523] input: Sleep Button as /devices/LNXSYSTM:00/LNXSLPBN:00/input/input1
[   12.820524] ACPI: Sleep Button [SLPF]
[   12.881672] GHES: HEST is not enabled!
[   12.881860] isapnp: Scanning for PnP cards...
[   12.887586] Serial: 8250/16550 driver, 32 ports, IRQ sharing enabled
[   12.965313] 00:02: ttyS0 at I/O 0x3f8 (irq = 4, base_baud = 115200) is a 16550A
[   13.071255] Linux agpgart interface v0.103
[   13.135160] loop: module loaded
[   13.162585] scsi host0: ata_piix
[   13.163966] scsi host1: ata_piix
[   13.165302] ata1: PATA max UDMA/33 cmd 0x1f0 ctl 0x3f6 bmdma 0xd000 irq 14
[   13.197443] ata2: PATA max UDMA/33 cmd 0x170 ctl 0x376 bmdma 0xd008 irq 15
[   13.199713] libphy: Fixed MDIO Bus: probed
[   13.201190] tun: Universal TUN/TAP device driver, 1.6
[   13.208856] tun: (C) 1999-2004 Max Krasnyansky <maxk@qualcomm.com>
[   13.210925] PPP generic driver version 2.4.2
[   13.212565] ehci_hcd: USB 2.0 'Enhanced' Host Controller (EHCI) Driver
[   13.214606] ehci-pci: EHCI PCI platform driver
[   13.216159] ehci-platform: EHCI generic platform driver
[   13.217917] ohci_hcd: USB 1.1 'Open' Host Controller (OHCI) Driver
[   13.229858] ohci-pci: OHCI PCI platform driver
[   13.231394] ohci-platform: OHCI generic platform driver
[   13.277726] uhci_hcd: USB Universal Host Controller Interface driver
[   13.280653] i8042: PNP: PS/2 Controller [PNP0303:PS2K,PNP0f03:PS2M] at 0x60,0x64 irq 1,12
[   13.327421] serio: i8042 KBD port at 0x60,0x64 irq 1
[   13.345440] serio: i8042 AUX port at 0x60,0x64 irq 12
[   13.347310] mousedev: PS/2 mouse device common for all mice
[   13.357593] input: AT Translated Set 2 keyboard as /devices/platform/i8042/serio0/input/input2
[   13.373985] isapnp: No Plug & Play device found
[   13.503267] rtc_cmos rtc_cmos: rtc core: registered rtc_cmos as rtc0
[   13.549305] rtc_cmos rtc_cmos: alarms up to one day, 114 bytes nvram
[   13.561136] i2c /dev entries driver
[   13.584132] device-mapper: uevent: version 1.0.3
[   13.605675] device-mapper: ioctl: 4.34.0-ioctl (2015-10-28) initialised: dm-devel@redhat.com
[   13.684037] platform eisa.0: Probing EISA bus 0
[   13.687279] platform eisa.0: EISA: Cannot allocate resource for mainboard
[   13.747880] platform eisa.0: Cannot allocate resource for EISA slot 1
[   13.788334] platform eisa.0: Cannot allocate resource for EISA slot 2
[   13.796169] platform eisa.0: Cannot allocate resource for EISA slot 3
[   13.824482] platform eisa.0: Cannot allocate resource for EISA slot 4
[   13.867833] platform eisa.0: Cannot allocate resource for EISA slot 5
[   13.924467] platform eisa.0: Cannot allocate resource for EISA slot 6
[   14.008889] platform eisa.0: Cannot allocate resource for EISA slot 7
[   14.037133] platform eisa.0: Cannot allocate resource for EISA slot 8
[   14.076856] platform eisa.0: EISA: Detected 0 cards
[   14.114910] cpufreq-nforce2: No nForce2 chipset.
[   14.138072] ledtrig-cpu: registered to indicate activity on CPUs
[   14.144841] NET: Registered protocol family 10
[   14.155224] NET: Registered protocol family 17
[   14.190658] Key type dns_resolver registered
[   14.227918] microcode: CPU0 sig=0x1067a, pf=0x40, revision=0x60b
[   14.239068] microcode: CPU1 sig=0x1067a, pf=0x40, revision=0x60b
[   14.245602] microcode: Microcode Update Driver: v2.01 <tigran@aivazian.fsnet.co.uk>, Peter Oruba
[   14.248705] Using IPI No-Shortcut mode
[   14.254868] registered taskstats version 1
[   14.296711] Loading compiled-in X.509 certificates
[   14.358243] Loaded X.509 cert 'Build time autogenerated kernel key: 07b96e98effcf92e436e5474864c4a8d42920bdd'
[   14.459592] zswap: loaded using pool lzo/zbud
[   14.505945] Key type trusted registered
[   14.573448] Key type encrypted registered
[   14.602405] AppArmor: AppArmor sha1 policy hashing enabled
[   14.654574] ima: No TPM chip found, activating TPM-bypass!
[   14.656582] evm: HMAC attrs: 0x1
[   14.671354]   Magic number: 13:60:697
[   14.688279] rtc_cmos rtc_cmos: setting system clock to 2017-04-27 18:40:42 UTC (1493318442)
[   14.740859] BIOS EDD facility v0.16 2004-Jun-25, 0 devices found
[   14.804660] EDD information not available.
[   14.855168] Freeing unused kernel memory: 940K (c1b99000 - c1c84000)
[   14.894917] Write protecting the kernel text: 7932k
[   14.955579] Write protecting the kernel read-only data: 3168k
[   15.024056] NX-protecting the kernel data: 6404k
Loading, please wait...
starting version[   15.256299] random: systemd-udevd: uninitialized urandom read (16 bytes read, 1 bits of entropy available)
 229
[   15.270055] random: udevadm: uninitialized urandom read (16 bytes read, 1 bits of entropy available)
[   15.270357] random: udevadm: uninitialized urandom read (16 bytes read, 1 bits of entropy available)
[   15.271023] random: udevadm: uninitialized urandom read (16 bytes read, 1 bits of entropy available)
[   15.271304] random: udevadm: uninitialized urandom read (16 bytes read, 1 bits of entropy available)
[   15.271630] random: udevadm: uninitialized urandom read (16 bytes read, 1 bits of entropy available)
[   15.271947] random: udevadm: uninitialized urandom read (16 bytes read, 1 bits of entropy available)
[   15.272363] random: udevadm: uninitialized urandom read (16 bytes read, 1 bits of entropy available)
[   15.272653] random: udevadm: uninitialized urandom read (16 bytes read, 1 bits of entropy available)
[   15.272922] random: udevadm: uninitialized urandom read (16 bytes read, 1 bits of entropy available)
[   16.045306] Fusion MPT base driver 3.04.20
[   16.068702] Copyright (c) 1999-2008 LSI Corporation
[   16.112710] e1000: Intel(R) PRO/1000 Network Driver - version 7.3.21-k8-NAPI
[   16.116568] e1000: Copyright (c) 1999-2006 Intel Corporation.
[   16.311316] Fusion MPT SPI Host driver 3.04.20
[   16.379964] input: ImExPS/2 Generic Explorer Mouse as /devices/platform/i8042/serio1/input/input4
[   16.674146] e1000 0000:00:03.0 eth0: (PCI:33MHz:32-bit) 02:7e:77:47:b5:e0
[   16.739887] e1000 0000:00:03.0 eth0: Intel(R) PRO/1000 Network Connection
[   16.811366] mptbase: ioc0: Initiating bringup
[   16.822640] e1000 0000:00:03.0 enp0s3: renamed from eth0
[   16.882111] ioc0: LSI53C1030 A0: Capabilities={Initiator}
[   17.113026] scsi host2: ioc0: LSI53C1030 A0, FwRev=00000000h, Ports=1, MaxQ=256, IRQ=20
[   17.367601] scsi 2:0:0:0: Direct-Access     VBOX     HARDDISK         1.0  PQ: 0 ANSI: 5
[   17.420210] scsi target2:0:0: Beginning Domain Validation
[   17.465552] scsi target2:0:0: Domain Validation skipping write tests
[   17.509617] scsi target2:0:0: Ending Domain Validation
[   17.571167] scsi target2:0:0: asynchronous
[   17.601222] scsi 2:0:1:0: Direct-Access     VBOX     HARDDISK         1.0  PQ: 0 ANSI: 5
[   17.652682] scsi target2:0:1: Beginning Domain Validation
[   17.692766] scsi target2:0:1: Domain Validation skipping write tests
[   17.777170] scsi target2:0:1: Ending Domain Validation
[   17.800036] scsi target2:0:1: asynchronous
[   17.849170] sd 2:0:0:0: [sda] 20971520 512-byte logical blocks: (10.7 GB/10.0 GiB)
[   17.849241] sd 2:0:0:0: Attached scsi generic sg0 type 0
[   17.930445] sd 2:0:1:0: Attached scsi generic sg1 type 0
[   17.931885] sd 2:0:1:0: [sdb] 20480 512-byte logical blocks: (10.5 MB/10.0 MiB)
[   17.932100] sd 2:0:1:0: [sdb] Write Protect is off
[   17.932244] sd 2:0:1:0: [sdb] Incomplete mode parameter data
[   17.932245] sd 2:0:1:0: [sdb] Assuming drive cache: write through
[   17.935515] sd 2:0:1:0: [sdb] Attached SCSI disk
[   18.307391] sd 2:0:0:0: [sda] Write Protect is off
[   18.338381] sd 2:0:0:0: [sda] Incomplete mode parameter data
[   18.371687] sd 2:0:0:0: [sda] Assuming drive cache: write through
[   18.417061]  sda: sda1
[   18.444099] sd 2:0:0:0: [sda] Attached SCSI disk
[   19.177540] floppy0: no floppy controllers found
Begin: Loading essential drivers ... [   21.443033] md: linear personality registered for level -1
[   21.507299] md: multipath personality registered for level -4
[   21.570949] md: raid0 personality registered for level 0
[   21.677835] md: raid1 personality registered for level 1
[   21.881865] raid6: mmxx1    gen()  3435 MB/s
[   21.985442] raid6: mmxx2    gen()  3674 MB/s
[   22.061861] raid6: sse1x1   gen()  2231 MB/s
[   22.141425] raid6: sse1x2   gen()  3054 MB/s
[   22.238361] raid6: sse2x1   gen()  4039 MB/s
[   22.325668] raid6: sse2x1   xor()  4828 MB/s
[   22.437431] raid6: sse2x2   gen()  5642 MB/s
[   22.541438] raid6: sse2x2   xor()  5699 MB/s
[   22.589027] raid6: using algorithm sse2x2 gen() 5642 MB/s
[   22.646424] raid6: .... xor() 5699 MB/s, rmw enabled
[   22.691968] raid6: using ssse3x1 recovery algorithm
[   22.725987] xor: measuring software checksum speed
[   22.801587]    pIII_sse  : 12253.000 MB/sec
[   22.869597]    prefetch64-sse: 16660.000 MB/sec
[   22.878119] xor: using function: prefetch64-sse (16660.000 MB/sec)
[   22.910397] async_tx: api initialized (async)
[   22.946508] md: raid6 personality registered for level 6
[   22.955422] md: raid5 personality registered for level 5
[   22.959536] md: raid4 personality registered for level 4
[   23.035199] md: raid10 personality registered for level 10
done.
Begin: Running /scripts/init-premount ... done.
Begin: Mounting root file system ... Begin: Running /scripts/local-top ... done.
Begin: Running /scripts/local-premount ... [   23.244590] Btrfs loaded
Scanning for Btrfs filesystems
done.
Warning: fsck not present, so skipping root file system
[   23.537503] EXT4-fs (sda1): mounted filesystem with ordered data mode. Opts: (null)
done.
Begin: Running /scripts/local-bottom ... done.
Begin: Running /scripts/init-bottom ... done.
[   23.982624] systemd[1]: systemd 229 running in system mode. (+PAM +AUDIT +SELINUX +IMA +APPARMOR +SMACK +SYSVINIT +UTMP +LIBCRYPTSETUP +GCRYPT +GNUTLS +ACL +XZ -LZ4 +SECCOMP +BLKID +ELFUTILS +KMOD -IDN)
[   24.041281] systemd[1]: Detected virtualization oracle.
[   24.044742] systemd[1]: Detected architecture x86.

Welcome to [1mUbuntu 16.04.2 LTS[0m!

[   24.084135] systemd[1]: Set hostname to <ubuntu>.
[   24.114252] systemd[1]: Initializing machine ID from random generator.
[   24.145635] systemd[1]: Installed transient /etc/machine-id file.
[   24.626539] random: nonblocking pool is initialized
[   24.769977] systemd[1]: Listening on Journal Audit Socket.
[[0;32m  OK  [0m] Listening on Journal Audit Socket.
[   24.810750] systemd[1]: Created slice User and Session Slice.
[[0;32m  OK  [0m] Created slice User and Session Slice.
[   24.838548] systemd[1]: Listening on Device-mapper event daemon FIFOs.
[[0;32m  OK  [0m] Listening on Device-mapper event daemon FIFOs.
[   24.926289] systemd[1]: Listening on Syslog Socket.
[[0;32m  OK  [0m] Listening on Syslog Socket.
[   25.006075] systemd[1]: Listening on /dev/initctl Compatibility Named Pipe.
[[0;32m  OK  [0m] Listening on /dev/initctl Compatibility Named Pipe.
[   25.126572] systemd[1]: Listening on Journal Socket.
[[0;32m  OK  [0m] Listening on Journal Socket.
[   25.212431] systemd[1]: Listening on udev Control Socket.
[[0;32m  OK  [0m] Listening on udev Control Socket.
[   25.290427] systemd[1]: Listening on udev Kernel Socket.
[[0;32m  OK  [0m] Listening on udev Kernel Socket.
[   25.346501] systemd[1]: Listening on Journal Socket (/dev/log).
[[0;32m  OK  [0m] Listening on Journal Socket (/dev/log).
[   25.442116] systemd[1]: Reached target User and Group Name Lookups.
[[0;32m  OK  [0m] Reached target User and Group Name Lookups.
[   25.558179] systemd[1]: Listening on LVM2 poll daemon socket.
[[0;32m  OK  [0m] Listening on LVM2 poll daemon socket.
[   25.602269] systemd[1]: Listening on LVM2 metadata daemon socket.
[[0;32m  OK  [0m] Listening on LVM2 metadata daemon socket.
[   25.654641] systemd[1]: Set up automount Arbitrary Executable File Formats File System Automount Point.
[[0;32m  OK  [0m] Set up automount Arbitrary Executab...ats File System Automount Point.
[   25.774059] systemd[1]: Reached target Encrypted Volumes.
[[0;32m  OK  [0m] Reached target Encrypted Volumes.
[   25.818535] systemd[1]: Created slice System Slice.
[[0;32m  OK  [0m] Created slice System Slice.
[   25.874303] systemd[1]: Mounting Huge Pages File System...
         Mounting Huge Pages File System...
[   25.947669] systemd[1]: Mounting POSIX Message Queue File System...
         Mounting POSIX Message Queue File System...
[   26.006007] systemd[1]: Reached target Slices.
[[0;32m  OK  [0m] Reached target Slices.
[   26.122873] systemd[1]: Starting Remount Root and Kernel File Systems...
[   26.147751] EXT4-fs (sda1): re-mounted. Opts: (null)
         Starting Remount Root and Kernel File Systems...
[   26.247065] systemd[1]: Starting Uncomplicated firewall...
         Starting Uncomplicated firewall...
[   26.310643] systemd[1]: Mounting Debug File System...
         Mounting Debug File System...
[   26.359924] systemd[1]: Starting Load Kernel Modules...
         Starting Load Kernel Modules...
[   26.468100] Loading iSCSI transport class v2.0-870.
[   26.473241] systemd[1]: Starting Nameserver information manager...
         Starting Nameserver information manager...
[   26.538245] iscsi: registered transport (tcp)
[   26.546375] systemd[1]: Starting Journal Service...
         Starting Journal Service...
[   26.604959] systemd[1]: Starting Create list of required static device nodes for the current kernel...
         Starting Create list of required st... nodes for the current kernel...
[   26.750308] systemd[1]: Starting Monitoring of LVM2 mirrors, snapshots etc. using dmeventd or progress polling...
         Starting Monitoring of LVM2 mirrors... dmeventd or progress polling...
[   26.900543] iscsi: registered transport (iser)
[   26.901883] systemd[1]: Starting Set console keymap...
         Starting Set console keymap...
[   26.950626] systemd[1]: Reached target Swap.
[[0;32m  OK  [0m] Reached target Swap.
[   26.987279] systemd[1]: Created slice system-serial\x2dgetty.slice.
[[0;32m  OK  [0m] Created slice system-serial\x2dgetty.slice.
[   27.022481] systemd[1]: Started Forward Password Requests to Wall Directory Watch.
[[0;32m  OK  [0m] Started Forward Password Requests to Wall Directory Watch.
[   27.071976] systemd[1]: Mounted Huge Pages File System.
[[0;32m  OK  [0m] Mounted Huge Pages File System.
[   27.107681] systemd[1]: Mounted Debug File System.
[[0;32m  OK  [0m] Mounted Debug File System.
[   27.112334] systemd[1]: Mounted POSIX Message Queue File System.
[[0;32m  OK  [0m] Mounted POSIX Message Queue File System.
[   27.125895] systemd[1]: Started Journal Service.
[[0;32m  OK  [0m] Started Journal Service.
[[0;32m  OK  [0m] Started Remount Root and Kernel File Systems.
[[0;32m  OK  [0m] Started Uncomplicated firewall.
[[0;32m  OK  [0m] Started Load Kernel Modules.
[[0;32m  OK  [0m] Started Create list of required sta...ce nodes for the current kernel.
[[0;32m  OK  [0m] Started Set console keymap.
[[0;32m  OK  [0m] Started Nameserver information manager.
[[0;32m  OK  [0m] Started LVM2 metadata daemon.
         Starting Create Static Device Nodes in /dev...
         Mounting FUSE Control File System...
         Starting Apply Kernel Variables...
         Starting Initial cloud-init job (pre-networking)...
         Starting Load/Save Random Seed...
         Starting udev Coldplug all Devices...
         Starting Flush Journal to Persistent Storage...
[[0;32m  OK  [0m] Mounted FUSE Control File System.
[[0;32m  OK  [0m] Started Create Static Device Nodes in /dev.
[[0;32m  OK  [0m] Started Apply Kernel Variables.
[[0;32m  OK  [0m] Started Monitoring of LVM2 mirrors,...ng dmeventd or progress polling.
[[0;32m  OK  [0m] Started Load/Save Random Seed.
         Starting udev Kernel Device Manager...
[[0;32m  OK  [0m] Started Flush Journal to Persistent Storage.
[[0;32m  OK  [0m] Started udev Kernel Device Manager.
[[0;32m  OK  [0m] Started udev Coldplug all Devices.
[[0;32m  OK  [0m] Started Dispatch Password Requests to Console Directory Watch.
[[0;32m  OK  [0m] Reached target Local File Systems (Pre).
[[0;32m  OK  [0m] Reached target Local File Systems.
         Starting Set console font and keymap...
         Starting Tell Plymouth To Write Out Runtime Data...
         Starting Create Volatile Files and Directories...
         Starting Commit a transient machine-id on disk...
         Starting LSB: AppArmor initialization...
[[0;32m  OK  [0m] Started Tell Plymouth To Write Out Runtime Data.
[[0;32m  OK  [0m] Started Create Volatile Files and Directories.
         Starting Update UTMP about System Boot/Shutdown...
[[0;32m  OK  [0m] Reached target System Time Synchronized.
[[0;32m  OK  [0m] Started Commit a transient machine-id on disk.
[[0;32m  OK  [0m] Started Update UTMP about System Boot/Shutdown.
[[0;32m  OK  [0m] Found device /dev/ttyS0.
[[0;32m  OK  [0m] Listening on Load/Save RF Kill Switch Status /dev/rfkill Watch.
[   24.988630] cloud-init[434]: Cloud-init v. 0.7.9 running 'init-local' at Thu, 27 Apr 2017 18:40:58 +0000. Up 22.82 seconds.
[[0;32m  OK  [0m] Started Initial cloud-init job (pre-networking).
[[0;32m  OK  [0m] Reached target Network (Pre).
[[0;32m  OK  [0m] Started LSB: AppArmor initialization.
         Starting Raise network interfaces...
[[0;32m  OK  [0m] Started Set console font and keymap.
[[0;32m  OK  [0m] Created slice system-getty.slice.
[[0;32m  OK  [0m] Started Raise network interfaces.
[[0;32m  OK  [0m] Reached target Network.
         Starting Initial cloud-init job (metadata service crawler)...
[   33.201782] cloud-init[934]: Cloud-init v. 0.7.9 running 'init' at Thu, 27 Apr 2017 18:41:06 +0000. Up 30.33 seconds.
[   33.305627] cloud-init[934]: ci-info: +++++++++++++++++++++++++++++++++++++Net device info++++++++++++++++++++++++++++++++++++++
[   33.401030] cloud-init[934]: ci-info: +--------+------+----------------------------+---------------+-------+-------------------+
[[0;32m  OK  [0m] Started Initial cloud-init job (metadata service crawler).
[   33.477708] cloud-init[934]: ci-info: | Device |  Up  |          Address           |      Mask     | Scope |     Hw-Address    |
[   33.600706] cloud-init[934]: ci-info: +--------+------+----------------------------+---------------+-------+-------------------+
[   33.676498] cloud-init[934]: ci-info: | enp0s3 | True |         10.0.2.15          | 255.255.255.0 |   .   | 02:7e:77:47:b5:e0 |
[   33.748373] cloud-init[934]: ci-info: | enp0s3 | True | fe80::7e:77ff:fe47:b5e0/64 |       .       |  link | 02:7e:77:47:b5:e0 |
[   33.749506] cloud-init[934]: ci-info: |   lo   | True |         127.0.0.1          |   255.0.0.0   |   .   |         .         |
[   33.749655] cloud-init[934]: ci-info: |   lo   | True |          ::1/128           |       .       |  host |         .         |
[   33.749812] cloud-init[934]: ci-info: +--------+------+----------------------------+---------------+-------+-------------------+
[   33.750011] cloud-init[934]: ci-info: +++++++++++++++++++++++++++Route IPv4 info++++++++++++++++++++++++++++
[   33.750110] cloud-init[934]: ci-info: +-------+-------------+----------+---------------+-----------+-------+
[   33.750176] cloud-init[934]: ci-info: | Route | Destination | Gateway  |    Genmask    | Interface | Flags |
[   33.750266] cloud-init[934]: ci-info: +-------+-------------+----------+---------------+-----------+-------+
[   33.750344] cloud-init[934]: ci-info: |   0   |   0.0.0.0   | 10.0.2.2 |    0.0.0.0    |   enp0s3  |   UG  |
[   33.751482] cloud-init[934]: ci-info: |   1   |   10.0.2.0  | 0.0.0.0  | 255.255.255.0 |   enp0s3  |   U   |
[   33.751553] cloud-init[934]: ci-info: +-------+-------------+----------+---------------+-----------+-------+
[   33.752053] cloud-init[934]: Generating public/private rsa key pair.
[   33.752141] cloud-init[934]: Your identification has been saved in /etc/ssh/ssh_host_rsa_key.
[   33.752233] cloud-init[934]: Your public key has been saved in /etc/ssh/ssh_host_rsa_key.pub.
[   33.752325] cloud-init[934]: The key fingerprint is:
[   33.752416] cloud-init[934]: SHA256:74xAmAknK2WZiYTRrQUFJt1I2KWeRo52C/I0P/aGUKI root@ubuntu-xenial
[   33.752501] cloud-init[934]: The key's randomart image is:
[   33.752683] cloud-init[934]: +---[RSA 2048]----+
[   33.752799] cloud-init[934]: |+O=Oo            |
[   33.753071] cloud-init[934]: |++==+            |
[   33.753142] cloud-init[934]: |. @o.            |
[   33.753219] cloud-init[934]: | Bo*.+           |
[   33.753295] cloud-init[934]: |++O++ . S        |
[   33.753374] cloud-init[934]: |E=+o..   .       |
[   33.753451] cloud-init[934]: |  .o+..   .      |
[   33.753527] cloud-init[934]: |   ..o.. +       |
[   33.753603] cloud-init[934]: |     .. . o      |
[   33.753693] cloud-init[934]: +----[SHA256]-----+
[   33.753829] cloud-init[934]: Generating public/private dsa key pair.
[   33.753918] cloud-init[934]: Your identification has been saved in /etc/ssh/ssh_host_dsa_key.
[   33.753982] cloud-init[934]: Your public key has been saved in /etc/ssh/ssh_host_dsa_key.pub.
[   33.754047] cloud-init[934]: The key fingerprint is:
[   33.754110] cloud-init[934]: SHA256:A9MFwospQdpv8XV4lPriosO+GY8Hs80js0b7wAEYYMA root@ubuntu-xenial
[   33.754187] cloud-init[934]: The key's randomart image is:
[   33.754252] cloud-init[934]: +---[DSA 1024]----+
[   33.754360] cloud-init[934]: |Bo.  .. ..o.     |
[   33.754426] cloud-init[934]: |.E.   .o +.      |
[   33.754501] cloud-init[934]: |o o..oo.+.o      |
[   33.754988] cloud-init[934]: |  .ooo.+.o       |
[   33.755053] cloud-init[934]: |   .+ . S.       |
[   33.755118] cloud-init[934]: |   o+.  ...      |
[   33.755193] cloud-init[934]: |   o+B . .       |
[   33.755259] cloud-init[934]: |    O** .        |
[   33.755323] cloud-init[934]: |   oBXoo         |
[   33.755388] cloud-init[934]: +----[SHA256]-----+
[   33.755476] cloud-init[934]: Generating public/private ecdsa key pair.
[   33.755553] cloud-init[934]: Your identification has been saved in /etc/ssh/ssh_host_ecdsa_key.
[   33.755656] cloud-init[934]: Your public key has been saved in /etc/ssh/ssh_host_ecdsa_key.pub.
[   33.755722] cloud-init[934]: The key fingerprint is:
[   33.755796] cloud-init[934]: SHA256:Pg+5MQpJTAc+urW5powSR4CyU6HL04S2XDz+rJa7lRI root@ubuntu-xenial
[   33.755860] cloud-init[934]: The key's randomart image is:
[   33.755937] cloud-init[934]: +---[ECDSA 256]---+
[   33.756001] cloud-init[934]: |. ...            |
[   33.756076] cloud-init[934]: |+.+. .           |
[   33.756139] cloud-init[934]: |o* =+ .          |
[   35.217518] cloud-init[934]: |*.B+.o           |
[   35.217602] cloud-init[934]: |.B.E+   S        |
[   35.217667] cloud-init[934]: |. o+++.. .       |
[   35.217732] cloud-init[934]: | o..*=  B        |
[   35.217849] cloud-init[934]: |.o o=o . B       |
[   35.217934] cloud-init[934]: |o +*+ . . .      |
[   35.218000] cloud-init[934]: +----[SHA256]-----+
[   35.218065] cloud-init[934]: Generating public/private ed25519 key pair.
[   35.218131] cloud-init[934]: Your identification has been saved in /etc/ssh/ssh_host_ed25519_key.
[   35.218197] cloud-init[934]: Your public key has been saved in /etc/ssh/ssh_host_ed25519_key.pub.
[   35.218262] cloud-init[934]: The key fingerprint is:
[   35.218327] cloud-init[934]: SHA256:43P1i82OXCzZvBa3Do9+dQXmBIZJmF79+1PqcdYJ6nk root@ubuntu-xenial
[   35.218426] cloud-init[934]: The key's randomart image is:
[   35.218502] cloud-init[934]: +--[ED25519 256]--+
[   35.218571] cloud-init[934]: |         +.+o.   |
[   35.218637] cloud-init[934]: |        o +.. +  |
[   35.218745] cloud-init[934]: |       . .   = . |
[   35.218813] cloud-init[934]: |        .     o .|
[   35.218878] cloud-init[934]: |        S   .. ..|
[   35.218977] cloud-init[934]: |       . . ..*+ B|
[   35.219042] cloud-init[934]: |        o ..o.B*O|
[   35.219107] cloud-init[934]: |         o...E*X.|
[   35.219625] cloud-init[934]: |           o**Xo.|
[   35.219695] cloud-init[934]: +----[SHA256]-----+
[[0;32m  OK  [0m] Reached target Cloud-config availability.
[[0;32m  OK  [0m] Reached target Network is Online.
         Starting iSCSI initiator daemon (iscsid)...
[[0;32m  OK  [0m] Reached target System Initialization.
[[0;32m  OK  [0m] Listening on D-Bus System Message Bus Socket.
[[0;32m  OK  [0m] Started Daily apt activities.
[[0;32m  OK  [0m] Started Daily Cleanup of Temporary Directories.
[[0;32m  OK  [0m] Started Timer to automatically refresh installed snaps.
[[0;32m  OK  [0m] Reached target Timers.
[[0;32m  OK  [0m] Listening on UUID daemon activation socket.
[[0;32m  OK  [0m] Listening on ACPID Listen Socket.
         Starting Socket activation for snappy daemon.
         Starting LXD - unix socket.
[[0;32m  OK  [0m] Started Trigger resolvconf update for networkd DNS.
[[0;32m  OK  [0m] Started ACPI Events Check.
[[0;32m  OK  [0m] Reached target Paths.
[[0;32m  OK  [0m] Listening on Socket activation for snappy daemon.
[[0;32m  OK  [0m] Listening on LXD - unix socket.
[[0;32m  OK  [0m] Started iSCSI initiator daemon (iscsid).
         Starting Login to default iSCSI targets...
[[0;32m  OK  [0m] Reached target Sockets.
[[0;32m  OK  [0m] Reached target Basic System.
         Starting Login Service...
[[0;32m  OK  [0m] Started ACPI event daemon.
         Starting LXD - container startup/shutdown...
         Starting /etc/rc.local Compatibility...
[[0;32m  OK  [0m] Started Deferred execution scheduler.
[[0;32m  OK  [0m] Started Regular background program processing daemon.
         Starting LSB: MD monitoring daemon...
         Starting Pollinate to seed the pseudo random number generator...
         Starting Accounts Service...
         Starting System Logging Service...
         Starting Apply the settings specified in cloud-config...
         Starting LSB: Record successful boot for GRUB...
[[0;32m  OK  [0m] Started FUSE filesystem for LXC.
[[0;32m  OK  [0m] Started D-Bus System Message Bus.
[[0;32m  OK  [0m] Started Snappy daemon.
         Starting Auto import assertions from block devices...
[[0;32m  OK  [0m] Started System Logging Service.
[[0;32m  OK  [0m] Started LXD - container startup/shutdown.
[[0;32m  OK  [0m] Started /etc/rc.local Compatibility.
[[0;32m  OK  [0m] Started Login to default iSCSI targets.
[[0;32m  OK  [0m] Started Login Service.
         Starting Authenticate and Authorize Users to Run Privileged Tasks...
[[0;32m  OK  [0m] Reached target Remote File Systems (Pre).
[[0;32m  OK  [0m] Reached target Remote File Systems.
         Starting Permit User Sessions...
         Starting LSB: VirtualBox Linux Additions...
         Starting LSB: Set the CPU Frequency Scaling governor to "ondemand"...
         Starting LSB: daemon to balance interrupts for SMP systems...
         Starting LSB: automatic crash report generation...
[[0;32m  OK  [0m] Started LSB: Record successful boot for GRUB.
[[0;32m  OK  [0m] Started Auto import assertions from block devices.
[[0;32m  OK  [0m] Started Permit User Sessions.
[[0;32m  OK  [0m] Started LSB: MD monitoring daemon.
[[0;32m  OK  [0m] Started Authenticate and Authorize Users to Run Privileged Tasks.
[[0;32m  OK  [0m] Started Accounts Service.
         Starting Hold until boot process finishes up...
         Starting Terminate Plymouth Boot Screen...
[[0;32m  OK  [0m] Started Hold until boot process finishes up.
[[0;32m  OK  [0m] Started Terminate Plymouth Boot Screen.
[[0;32m  OK  [0m] Started Getty on tty1.
[[0;32m  OK  [0m] Started Serial Getty on ttyS0.
[[0;32m  OK  [0m] Reached target Login Prompts.
         Starting Set console scheme...
[[0;32m  OK  [0m] Started LSB: Set the CPU Frequency Scaling governor to "ondemand".
[[0;32m  OK  [0m] Started LSB: daemon to balance interrupts for SMP systems.
[[0;32m  OK  [0m] Started LSB: automatic crash report generation.
[[0;32m  OK  [0m] Started Set console scheme.
[[0;32m  OK  [0m] Started LSB: VirtualBox Linux Additions.
[   41.048048] cloud-init[1075]: Generating locales (this might take a while)...
[[0;32m  OK  [0m] Started Pollinate to seed the pseudo random number generator.
         Starting OpenBSD Secure Shell server...
[[0;32m  OK  [0m] Started OpenBSD Secure Shell server.
[[0;32m  OK  [0m] Reached target Multi-User System.
[[0;32m  OK  [0m] Reached target Graphical Interface.
         Starting Update UTMP about System Runlevel Changes...
[[0;32m  OK  [0m] Started Update UTMP about System Runlevel Changes.
[   43.492171] cloud-init[1075]:   en_US.UTF-8... done
[   43.511749] cloud-init[1075]: Generation complete.
         Stopping OpenBSD Secure Shell server...
[[0;32m  OK  [0m] Stopped OpenBSD Secure Shell server.
         Starting OpenBSD Secure Shell server...
[[0;32m  OK  [0m] Started OpenBSD Secure Shell server.
[   44.970963] cloud-init[1075]: Cloud-init v. 0.7.9 running 'modules:config' at Thu, 27 Apr 2017 18:41:16 +0000. Up 40.68 seconds.

Ubuntu 16.04.2 LTS ubuntu-xenial ttyS0

ubuntu-xenial login: ci-info: no authorized ssh keys fingerprints found for user ubuntu.
<14>Apr 27 18:41:22 ec2: 
<14>Apr 27 18:41:22 ec2: #############################################################
<14>Apr 27 18:41:22 ec2: -----BEGIN SSH HOST KEY FINGERPRINTS-----
<14>Apr 27 18:41:22 ec2: 1024 SHA256:A9MFwospQdpv8XV4lPriosO+GY8Hs80js0b7wAEYYMA root@ubuntu-xenial (DSA)
<14>Apr 27 18:41:22 ec2: 256 SHA256:Pg+5MQpJTAc+urW5powSR4CyU6HL04S2XDz+rJa7lRI root@ubuntu-xenial (ECDSA)
<14>Apr 27 18:41:22 ec2: 256 SHA256:43P1i82OXCzZvBa3Do9+dQXmBIZJmF79+1PqcdYJ6nk root@ubuntu-xenial (ED25519)
<14>Apr 27 18:41:22 ec2: 2048 SHA256:74xAmAknK2WZiYTRrQUFJt1I2KWeRo52C/I0P/aGUKI root@ubuntu-xenial (RSA)
<14>Apr 27 18:41:22 ec2: -----END SSH HOST KEY FINGERPRINTS-----
<14>Apr 27 18:41:22 ec2: #############################################################
-----BEGIN SSH HOST KEY KEYS-----
ecdsa-sha2-nistp256 AAAAE2VjZHNhLXNoYTItbmlzdHAyNTYAAAAIbmlzdHAyNTYAAABBBFhhZYFsb/GMhhZ56NDrki5mkPtccKKzPoEEUG1nM+o9pSTewwGKCQc4mIw/AOsWxUXdlz2YCaNjBqa3Fjjub1I= root@ubuntu-xenial
ssh-ed25519 AAAAC3NzaC1lZDI1NTE5AAAAIPfwloqpxB7cSDUQVB8aBBJmu83KBdSTxP4UJQ+NZgbz root@ubuntu-xenial
ssh-rsa AAAAB3NzaC1yc2EAAAADAQABAAABAQDtspEyqbXmag+QZxDFLXgNmuxUOvVr6KnxM8yhNoH7hiHpKx+Suku9ZHgrOaynWev33DANurcCfXTYIrcwJL34Q5osc4YrQrqyS7mTQqecm1SXjikpGObmvJM52sEEpgVRNO1dqwkj/ZKUBAeIA8Wv+vh+N3zboJBrt5UMTPPPmYI6VXWlkpnpMbvRhJOVYLYutxrtfAHsYXRM61R/J6Roj+x1H/KbcDBo4pM9s1dbLvzeW8OlmVuXntW7H6pVEdt1rDBRTI0jf9eVzfnlp+jMgRAOgMvGOB9Y3bNP3b3MowejMbbf4mcE/8ciYCNiY5CyRbYbDMKX0JGIHP/rLYwz root@ubuntu-xenial
-----END SSH HOST KEY KEYS-----
[   46.452517] cloud-init[1324]: Cloud-init v. 0.7.9 running 'modules:final' at Thu, 27 Apr 2017 18:41:22 +0000. Up 45.95 seconds.
[   46.452818] cloud-init[1324]: ci-info: no authorized ssh keys fingerprints found for user ubuntu.
[   46.453004] cloud-init[1324]: Cloud-init v. 0.7.9 finished at Thu, 27 Apr 2017 18:41:22 +0000. Datasource DataSourceNoCloud [seed=/dev/sdb][dsmode=net].  Up 46.42 seconds
